[1] 25
[1] 9
   Num grade       ID midterm final hw1 hw2 hw3 hw4
4    4     3 19907356      52    60  10  80  95  NA
9    9     3 19887353      72    60  10  95  NA  NA
11  11     3 19887378      58    61  10 100  85  50
12  12     3 19887382      78    80  10 100  85  50
19  19     3 19932625      53    51  10 100  90  NA
20  20     3 19892505      78    74  10  95  85  NA
21  21     3 19892507      59    50  10  90  95  NA
22  22     3 19892514      67    70  10 100  95  NA
23  23     3 19892531      63    72  10  95  85  NA
25  25     3 19892534      59    78  10 100 100  NA
         ID midterm final
4  19907356      52    60
9  19887353      72    60
11 19887378      58    61
12 19887382      78    80
19 19932625      53    51
20 19892505      78    74
21 19892507      59    50
22 19892514      67    70
23 19892531      63    72
25 19892534      59    78
